-------------------------------------------------------------------------------
Test set: ControllerTests.BusinessTest
-------------------------------------------------------------------------------
Tests run: 1, Failures: 1, Errors: 0, Skipped: 0, Time elapsed: 0.004 sec <<< FAILURE!
ControllerTests.BusinessTest.testSetandGetName()  Time elapsed: 0.003 sec  <<< FAILURE!
java.lang.NullPointerException
	at ControllerTests.BusinessTest.testSetandGetName(BusinessTest.java:21)

